{"D:\\workspace\\node\\myblog\\index.js":{"path":"D:\\workspace\\node\\myblog\\index.js","s":{"1":1,"2":1,"3":1,"4":1,"5":1,"6":1,"7":1,"8":1,"9":1,"10":1,"11":1,"12":1,"13":1,"14":1,"15":1,"16":1,"17":1,"18":1,"19":1,"20":3,"21":3,"22":3,"23":3,"24":1,"25":1,"26":1,"27":1,"28":0,"29":1,"30":1,"31":0,"32":0},"b":{"1":[1,0]},"f":{"1":3,"2":0,"3":0},"fnMap":{"1":{"name":"(anonymous_1)","line":51,"loc":{"start":{"line":51,"column":8},"end":{"line":51,"column":31}}},"2":{"name":"(anonymous_2)","line":88,"loc":{"start":{"line":88,"column":8},"end":{"line":88,"column":34}}},"3":{"name":"(anonymous_3)","line":104,"loc":{"start":{"line":104,"column":24},"end":{"line":104,"column":34}}}},"statementMap":{"1":{"start":{"line":1,"column":0},"end":{"line":1,"column":25}},"2":{"start":{"line":2,"column":0},"end":{"line":2,"column":31}},"3":{"start":{"line":3,"column":0},"end":{"line":3,"column":39}},"4":{"start":{"line":4,"column":0},"end":{"line":4,"column":49}},"5":{"start":{"line":5,"column":0},"end":{"line":5,"column":35}},"6":{"start":{"line":6,"column":0},"end":{"line":6,"column":45}},"7":{"start":{"line":7,"column":0},"end":{"line":7,"column":33}},"8":{"start":{"line":8,"column":0},"end":{"line":8,"column":29}},"9":{"start":{"line":9,"column":0},"end":{"line":9,"column":31}},"10":{"start":{"line":10,"column":0},"end":{"line":10,"column":46}},"11":{"start":{"line":12,"column":0},"end":{"line":12,"column":18}},"12":{"start":{"line":15,"column":0},"end":{"line":15,"column":46}},"13":{"start":{"line":17,"column":0},"end":{"line":17,"column":29}},"14":{"start":{"line":20,"column":0},"end":{"line":20,"column":55}},"15":{"start":{"line":22,"column":0},"end":{"line":33,"column":4}},"16":{"start":{"line":36,"column":0},"end":{"line":36,"column":17}},"17":{"start":{"line":39,"column":0},"end":{"line":42,"column":4}},"18":{"start":{"line":45,"column":0},"end":{"line":48,"column":2}},"19":{"start":{"line":51,"column":0},"end":{"line":57,"column":3}},"20":{"start":{"line":52,"column":1},"end":{"line":52,"column":34}},"21":{"start":{"line":53,"column":1},"end":{"line":53,"column":52}},"22":{"start":{"line":54,"column":1},"end":{"line":54,"column":48}},"23":{"start":{"line":56,"column":1},"end":{"line":56,"column":8}},"24":{"start":{"line":62,"column":0},"end":{"line":72,"column":4}},"25":{"start":{"line":74,"column":0},"end":{"line":74,"column":13}},"26":{"start":{"line":76,"column":0},"end":{"line":86,"column":4}},"27":{"start":{"line":88,"column":0},"end":{"line":92,"column":3}},"28":{"start":{"line":89,"column":1},"end":{"line":91,"column":4}},"29":{"start":{"line":99,"column":0},"end":{"line":107,"column":1}},"30":{"start":{"line":100,"column":1},"end":{"line":100,"column":20}},"31":{"start":{"line":104,"column":1},"end":{"line":106,"column":3}},"32":{"start":{"line":105,"column":2},"end":{"line":105,"column":61}}},"branchMap":{"1":{"line":99,"type":"if","locations":[{"start":{"line":99,"column":0},"end":{"line":99,"column":0}},{"start":{"line":99,"column":0},"end":{"line":99,"column":0}}]}}},"D:\\workspace\\node\\myblog\\config\\default.js":{"path":"D:\\workspace\\node\\myblog\\config\\default.js","s":{"1":1},"b":{},"f":{},"fnMap":{},"statementMap":{"1":{"start":{"line":1,"column":0},"end":{"line":9,"column":2}}},"branchMap":{}},"D:\\workspace\\node\\myblog\\routers\\index.js":{"path":"D:\\workspace\\node\\myblog\\routers\\index.js","s":{"1":1,"2":1,"3":0,"4":1,"5":1,"6":1,"7":1,"8":1,"9":2,"10":0},"b":{"1":[0,2]},"f":{"1":1,"2":0,"3":2},"fnMap":{"1":{"name":"(anonymous_1)","line":1,"loc":{"start":{"line":1,"column":15},"end":{"line":1,"column":30}}},"2":{"name":"(anonymous_2)","line":3,"loc":{"start":{"line":3,"column":12},"end":{"line":3,"column":29}}},"3":{"name":"(anonymous_3)","line":13,"loc":{"start":{"line":13,"column":9},"end":{"line":13,"column":26}}}},"statementMap":{"1":{"start":{"line":1,"column":0},"end":{"line":20,"column":1}},"2":{"start":{"line":3,"column":0},"end":{"line":5,"column":4}},"3":{"start":{"line":4,"column":2},"end":{"line":4,"column":25}},"4":{"start":{"line":7,"column":1},"end":{"line":7,"column":40}},"5":{"start":{"line":8,"column":1},"end":{"line":8,"column":40}},"6":{"start":{"line":9,"column":1},"end":{"line":9,"column":42}},"7":{"start":{"line":10,"column":1},"end":{"line":10,"column":38}},"8":{"start":{"line":13,"column":1},"end":{"line":17,"column":4}},"9":{"start":{"line":14,"column":2},"end":{"line":16,"column":3}},"10":{"start":{"line":15,"column":3},"end":{"line":15,"column":33}}},"branchMap":{"1":{"line":14,"type":"if","locations":[{"start":{"line":14,"column":2},"end":{"line":14,"column":2}},{"start":{"line":14,"column":2},"end":{"line":14,"column":2}}]}}},"D:\\workspace\\node\\myblog\\routers\\signup.js":{"path":"D:\\workspace\\node\\myblog\\routers\\signup.js","s":{"1":1,"2":1,"3":1,"4":1,"5":1,"6":1,"7":1,"8":1,"9":1,"10":1,"11":2,"12":2,"13":2,"14":2,"15":2,"16":2,"17":2,"18":2,"19":1,"20":1,"21":1,"22":0,"23":0,"24":0,"25":0,"26":0,"27":0,"28":0,"29":0,"30":2,"31":2,"32":2,"33":0,"34":0,"35":0,"36":0,"37":0,"38":0,"39":0,"40":0,"41":0,"42":0,"43":0,"44":0,"45":0,"46":1},"b":{"1":[1,1],"2":[2,1],"3":[1,0],"4":[0,0],"5":[0,0],"6":[0,0],"7":[0,0],"8":[0,0],"9":[0,0]},"f":{"1":1,"2":2,"3":0,"4":0},"fnMap":{"1":{"name":"(anonymous_1)","line":11,"loc":{"start":{"line":11,"column":29},"end":{"line":11,"column":51}}},"2":{"name":"(anonymous_2)","line":16,"loc":{"start":{"line":16,"column":30},"end":{"line":16,"column":52}}},"3":{"name":"(anonymous_3)","line":72,"loc":{"start":{"line":72,"column":29},"end":{"line":72,"column":45}}},"4":{"name":"(anonymous_4)","line":82,"loc":{"start":{"line":82,"column":10},"end":{"line":82,"column":21}}}},"statementMap":{"1":{"start":{"line":1,"column":0},"end":{"line":1,"column":21}},"2":{"start":{"line":2,"column":0},"end":{"line":2,"column":25}},"3":{"start":{"line":3,"column":0},"end":{"line":3,"column":25}},"4":{"start":{"line":4,"column":0},"end":{"line":4,"column":31}},"5":{"start":{"line":5,"column":0},"end":{"line":5,"column":28}},"6":{"start":{"line":7,"column":0},"end":{"line":7,"column":41}},"7":{"start":{"line":8,"column":0},"end":{"line":8,"column":64}},"8":{"start":{"line":11,"column":0},"end":{"line":13,"column":3}},"9":{"start":{"line":12,"column":1},"end":{"line":12,"column":22}},"10":{"start":{"line":16,"column":0},"end":{"line":93,"column":3}},"11":{"start":{"line":17,"column":1},"end":{"line":17,"column":26}},"12":{"start":{"line":18,"column":1},"end":{"line":18,"column":30}},"13":{"start":{"line":19,"column":1},"end":{"line":19,"column":24}},"14":{"start":{"line":20,"column":1},"end":{"line":20,"column":56}},"15":{"start":{"line":21,"column":1},"end":{"line":21,"column":34}},"16":{"start":{"line":22,"column":1},"end":{"line":22,"column":38}},"17":{"start":{"line":25,"column":1},"end":{"line":57,"column":2}},"18":{"start":{"line":27,"column":2},"end":{"line":30,"column":3}},"19":{"start":{"line":29,"column":3},"end":{"line":29,"column":36}},"20":{"start":{"line":31,"column":2},"end":{"line":34,"column":3}},"21":{"start":{"line":33,"column":3},"end":{"line":33,"column":34}},"22":{"start":{"line":35,"column":2},"end":{"line":38,"column":3}},"23":{"start":{"line":37,"column":3},"end":{"line":37,"column":38}},"24":{"start":{"line":39,"column":2},"end":{"line":42,"column":3}},"25":{"start":{"line":41,"column":3},"end":{"line":41,"column":27}},"26":{"start":{"line":43,"column":2},"end":{"line":46,"column":3}},"27":{"start":{"line":45,"column":3},"end":{"line":45,"column":31}},"28":{"start":{"line":47,"column":2},"end":{"line":50,"column":3}},"29":{"start":{"line":49,"column":3},"end":{"line":49,"column":33}},"30":{"start":{"line":54,"column":3},"end":{"line":54,"column":36}},"31":{"start":{"line":55,"column":3},"end":{"line":55,"column":32}},"32":{"start":{"line":56,"column":3},"end":{"line":56,"column":34}},"33":{"start":{"line":60,"column":1},"end":{"line":60,"column":25}},"34":{"start":{"line":63,"column":1},"end":{"line":69,"column":3}},"35":{"start":{"line":72,"column":1},"end":{"line":92,"column":4}},"36":{"start":{"line":74,"column":2},"end":{"line":74,"column":21}},"37":{"start":{"line":76,"column":2},"end":{"line":76,"column":23}},"38":{"start":{"line":77,"column":2},"end":{"line":77,"column":24}},"39":{"start":{"line":79,"column":2},"end":{"line":79,"column":30}},"40":{"start":{"line":81,"column":2},"end":{"line":81,"column":25}},"41":{"start":{"line":84,"column":3},"end":{"line":84,"column":36}},"42":{"start":{"line":86,"column":3},"end":{"line":90,"column":4}},"43":{"start":{"line":88,"column":4},"end":{"line":88,"column":32}},"44":{"start":{"line":89,"column":4},"end":{"line":89,"column":35}},"45":{"start":{"line":91,"column":3},"end":{"line":91,"column":11}},"46":{"start":{"line":95,"column":0},"end":{"line":95,"column":22}}},"branchMap":{"1":{"line":27,"type":"if","locations":[{"start":{"line":27,"column":2},"end":{"line":27,"column":2}},{"start":{"line":27,"column":2},"end":{"line":27,"column":2}}]},"2":{"line":27,"type":"binary-expr","locations":[{"start":{"line":27,"column":7},"end":{"line":27,"column":21}},{"start":{"line":27,"column":23},"end":{"line":27,"column":38}}]},"3":{"line":31,"type":"if","locations":[{"start":{"line":31,"column":2},"end":{"line":31,"column":2}},{"start":{"line":31,"column":2},"end":{"line":31,"column":2}}]},"4":{"line":35,"type":"if","locations":[{"start":{"line":35,"column":2},"end":{"line":35,"column":2}},{"start":{"line":35,"column":2},"end":{"line":35,"column":2}}]},"5":{"line":35,"type":"binary-expr","locations":[{"start":{"line":35,"column":7},"end":{"line":35,"column":20}},{"start":{"line":35,"column":22},"end":{"line":35,"column":36}}]},"6":{"line":39,"type":"if","locations":[{"start":{"line":39,"column":2},"end":{"line":39,"column":2}},{"start":{"line":39,"column":2},"end":{"line":39,"column":2}}]},"7":{"line":43,"type":"if","locations":[{"start":{"line":43,"column":2},"end":{"line":43,"column":2}},{"start":{"line":43,"column":2},"end":{"line":43,"column":2}}]},"8":{"line":47,"type":"if","locations":[{"start":{"line":47,"column":2},"end":{"line":47,"column":2}},{"start":{"line":47,"column":2},"end":{"line":47,"column":2}}]},"9":{"line":86,"type":"if","locations":[{"start":{"line":86,"column":3},"end":{"line":86,"column":3}},{"start":{"line":86,"column":3},"end":{"line":86,"column":3}}]}}},"D:\\workspace\\node\\myblog\\models\\users.js":{"path":"D:\\workspace\\node\\myblog\\models\\users.js","s":{"1":1,"2":1,"3":0,"4":0},"b":{},"f":{"1":0,"2":0},"fnMap":{"1":{"name":"create","line":5,"loc":{"start":{"line":5,"column":8},"end":{"line":5,"column":29}}},"2":{"name":"getUserByName","line":10,"loc":{"start":{"line":10,"column":15},"end":{"line":10,"column":44}}}},"statementMap":{"1":{"start":{"line":1,"column":0},"end":{"line":1,"column":38}},"2":{"start":{"line":3,"column":0},"end":{"line":16,"column":2}},"3":{"start":{"line":6,"column":2},"end":{"line":6,"column":34}},"4":{"start":{"line":11,"column":2},"end":{"line":14,"column":10}}},"branchMap":{}},"D:\\workspace\\node\\myblog\\lib\\mongo.js":{"path":"D:\\workspace\\node\\myblog\\lib\\mongo.js","s":{"1":1,"2":1,"3":1,"4":1,"5":1,"6":1,"7":1,"8":0,"9":0,"10":0,"11":0,"12":0,"13":0,"14":1,"15":1,"16":1,"17":1,"18":1,"19":1,"20":1},"b":{"1":[0,0]},"f":{"1":0,"2":0,"3":0},"fnMap":{"1":{"name":"(anonymous_1)","line":11,"loc":{"start":{"line":11,"column":11},"end":{"line":11,"column":28}}},"2":{"name":"(anonymous_2)","line":12,"loc":{"start":{"line":12,"column":18},"end":{"line":12,"column":32}}},"3":{"name":"(anonymous_3)","line":17,"loc":{"start":{"line":17,"column":14},"end":{"line":17,"column":30}}}},"statementMap":{"1":{"start":{"line":1,"column":0},"end":{"line":1,"column":45}},"2":{"start":{"line":2,"column":0},"end":{"line":2,"column":35}},"3":{"start":{"line":3,"column":0},"end":{"line":3,"column":30}},"4":{"start":{"line":4,"column":0},"end":{"line":4,"column":34}},"5":{"start":{"line":6,"column":0},"end":{"line":6,"column":29}},"6":{"start":{"line":7,"column":0},"end":{"line":7,"column":57}},"7":{"start":{"line":10,"column":0},"end":{"line":24,"column":3}},"8":{"start":{"line":12,"column":2},"end":{"line":14,"column":5}},"9":{"start":{"line":13,"column":3},"end":{"line":13,"column":84}},"10":{"start":{"line":15,"column":2},"end":{"line":15,"column":17}},"11":{"start":{"line":18,"column":2},"end":{"line":21,"column":3}},"12":{"start":{"line":20,"column":3},"end":{"line":20,"column":88}},"13":{"start":{"line":22,"column":2},"end":{"line":22,"column":16}},"14":{"start":{"line":27,"column":0},"end":{"line":33,"column":3}},"15":{"start":{"line":35,"column":0},"end":{"line":35,"column":50}},"16":{"start":{"line":37,"column":0},"end":{"line":42,"column":3}},"17":{"start":{"line":43,"column":0},"end":{"line":43,"column":45}},"18":{"start":{"line":46,"column":0},"end":{"line":50,"column":3}},"19":{"start":{"line":51,"column":0},"end":{"line":51,"column":47}},"20":{"start":{"line":52,"column":0},"end":{"line":52,"column":47}}},"branchMap":{"1":{"line":18,"type":"if","locations":[{"start":{"line":18,"column":2},"end":{"line":18,"column":2}},{"start":{"line":18,"column":2},"end":{"line":18,"column":2}}]}}},"D:\\workspace\\node\\myblog\\middlewares\\check.js":{"path":"D:\\workspace\\node\\myblog\\middlewares\\check.js","s":{"1":1,"2":0,"3":0,"4":0,"5":0,"6":3,"7":0,"8":0,"9":3},"b":{"1":[0,0],"2":[0,3]},"f":{"1":0,"2":3},"fnMap":{"1":{"name":"checkLogin","line":2,"loc":{"start":{"line":2,"column":12},"end":{"line":3,"column":1}}},"2":{"name":"checkNotLogin","line":11,"loc":{"start":{"line":11,"column":15},"end":{"line":12,"column":1}}}},"statementMap":{"1":{"start":{"line":1,"column":0},"end":{"line":20,"column":2}},"2":{"start":{"line":4,"column":2},"end":{"line":8,"column":3}},"3":{"start":{"line":6,"column":3},"end":{"line":6,"column":28}},"4":{"start":{"line":7,"column":3},"end":{"line":7,"column":32}},"5":{"start":{"line":9,"column":2},"end":{"line":9,"column":9}},"6":{"start":{"line":13,"column":2},"end":{"line":17,"column":3}},"7":{"start":{"line":15,"column":3},"end":{"line":15,"column":28}},"8":{"start":{"line":16,"column":3},"end":{"line":16,"column":31}},"9":{"start":{"line":18,"column":2},"end":{"line":18,"column":9}}},"branchMap":{"1":{"line":4,"type":"if","locations":[{"start":{"line":4,"column":2},"end":{"line":4,"column":2}},{"start":{"line":4,"column":2},"end":{"line":4,"column":2}}]},"2":{"line":13,"type":"if","locations":[{"start":{"line":13,"column":2},"end":{"line":13,"column":2}},{"start":{"line":13,"column":2},"end":{"line":13,"column":2}}]}}},"D:\\workspace\\node\\myblog\\routers\\signin.js":{"path":"D:\\workspace\\node\\myblog\\routers\\signin.js","s":{"1":1,"2":1,"3":1,"4":1,"5":1,"6":1,"7":0,"8":1,"9":0,"10":0,"11":0,"12":0,"13":0,"14":0,"15":0,"16":0,"17":0,"18":0,"19":0,"20":0,"21":0,"22":1},"b":{"1":[0,0],"2":[0,0]},"f":{"1":0,"2":0,"3":0},"fnMap":{"1":{"name":"(anonymous_1)","line":10,"loc":{"start":{"line":10,"column":29},"end":{"line":10,"column":51}}},"2":{"name":"(anonymous_2)","line":15,"loc":{"start":{"line":15,"column":30},"end":{"line":15,"column":52}}},"3":{"name":"(anonymous_3)","line":20,"loc":{"start":{"line":20,"column":7},"end":{"line":20,"column":21}}}},"statementMap":{"1":{"start":{"line":1,"column":0},"end":{"line":1,"column":25}},"2":{"start":{"line":2,"column":0},"end":{"line":2,"column":31}},"3":{"start":{"line":4,"column":0},"end":{"line":4,"column":28}},"4":{"start":{"line":6,"column":0},"end":{"line":6,"column":41}},"5":{"start":{"line":7,"column":0},"end":{"line":7,"column":64}},"6":{"start":{"line":10,"column":0},"end":{"line":12,"column":3}},"7":{"start":{"line":11,"column":0},"end":{"line":11,"column":21}},"8":{"start":{"line":15,"column":0},"end":{"line":43,"column":3}},"9":{"start":{"line":16,"column":1},"end":{"line":16,"column":26}},"10":{"start":{"line":17,"column":1},"end":{"line":17,"column":34}},"11":{"start":{"line":19,"column":1},"end":{"line":42,"column":16}},"12":{"start":{"line":21,"column":2},"end":{"line":25,"column":3}},"13":{"start":{"line":23,"column":3},"end":{"line":23,"column":30}},"14":{"start":{"line":24,"column":3},"end":{"line":24,"column":31}},"15":{"start":{"line":28,"column":2},"end":{"line":32,"column":3}},"16":{"start":{"line":30,"column":3},"end":{"line":30,"column":33}},"17":{"start":{"line":31,"column":3},"end":{"line":31,"column":31}},"18":{"start":{"line":34,"column":2},"end":{"line":34,"column":30}},"19":{"start":{"line":37,"column":2},"end":{"line":37,"column":23}},"20":{"start":{"line":38,"column":2},"end":{"line":38,"column":24}},"21":{"start":{"line":41,"column":2},"end":{"line":41,"column":25}},"22":{"start":{"line":45,"column":0},"end":{"line":45,"column":22}}},"branchMap":{"1":{"line":21,"type":"if","locations":[{"start":{"line":21,"column":2},"end":{"line":21,"column":2}},{"start":{"line":21,"column":2},"end":{"line":21,"column":2}}]},"2":{"line":28,"type":"if","locations":[{"start":{"line":28,"column":2},"end":{"line":28,"column":2}},{"start":{"line":28,"column":2},"end":{"line":28,"column":2}}]}}},"D:\\workspace\\node\\myblog\\routers\\signout.js":{"path":"D:\\workspace\\node\\myblog\\routers\\signout.js","s":{"1":1,"2":1,"3":1,"4":1,"5":0,"6":0,"7":0,"8":1},"b":{},"f":{"1":0},"fnMap":{"1":{"name":"(anonymous_1)","line":7,"loc":{"start":{"line":7,"column":26},"end":{"line":7,"column":48}}}},"statementMap":{"1":{"start":{"line":1,"column":0},"end":{"line":1,"column":31}},"2":{"start":{"line":2,"column":0},"end":{"line":2,"column":28}},"3":{"start":{"line":4,"column":0},"end":{"line":4,"column":58}},"4":{"start":{"line":7,"column":0},"end":{"line":13,"column":3}},"5":{"start":{"line":9,"column":1},"end":{"line":9,"column":23}},"6":{"start":{"line":10,"column":1},"end":{"line":10,"column":29}},"7":{"start":{"line":12,"column":1},"end":{"line":12,"column":24}},"8":{"start":{"line":15,"column":0},"end":{"line":15,"column":22}}},"branchMap":{}},"D:\\workspace\\node\\myblog\\routers\\posts.js":{"path":"D:\\workspace\\node\\myblog\\routers\\posts.js","s":{"1":1,"2":1,"3":1,"4":1,"5":1,"6":1,"7":0,"8":0,"9":0,"10":0,"11":0,"12":0,"13":0,"14":0,"15":0,"16":0,"17":0,"18":0,"19":0,"20":0,"21":0,"22":1,"23":0,"24":1,"25":0,"26":0,"27":0,"28":0,"29":0,"30":0,"31":0,"32":1,"33":0,"34":0,"35":0,"36":0,"37":0,"38":0,"39":0,"40":0,"41":1,"42":0,"43":0,"44":0,"45":0,"46":0,"47":0,"48":0,"49":1,"50":0,"51":0,"52":0,"53":0,"54":0,"55":1,"56":0,"57":0,"58":0,"59":0,"60":0,"61":0,"62":0,"63":1,"64":0,"65":0,"66":0,"67":0,"68":0,"69":1,"70":0,"71":0,"72":0,"73":1},"b":{"1":[0,0],"2":[0,0],"3":[0,0],"4":[0,0],"5":[0,0]},"f":{"1":0,"2":0,"3":0,"4":0,"5":0,"6":0,"7":0,"8":0,"9":0,"10":0,"11":0,"12":0,"13":0,"14":0,"15":0,"16":0,"17":0},"fnMap":{"1":{"name":"(anonymous_1)","line":16,"loc":{"start":{"line":16,"column":27},"end":{"line":16,"column":49}}},"2":{"name":"(anonymous_2)","line":46,"loc":{"start":{"line":46,"column":7},"end":{"line":46,"column":23}}},"3":{"name":"(anonymous_3)","line":57,"loc":{"start":{"line":57,"column":32},"end":{"line":57,"column":54}}},"4":{"name":"(anonymous_4)","line":62,"loc":{"start":{"line":62,"column":22},"end":{"line":62,"column":44}}},"5":{"name":"(anonymous_5)","line":69,"loc":{"start":{"line":69,"column":8},"end":{"line":69,"column":24}}},"6":{"name":"(anonymous_6)","line":86,"loc":{"start":{"line":86,"column":38},"end":{"line":86,"column":60}}},"7":{"name":"(anonymous_7)","line":91,"loc":{"start":{"line":91,"column":8},"end":{"line":91,"column":22}}},"8":{"name":"(anonymous_8)","line":109,"loc":{"start":{"line":109,"column":39},"end":{"line":109,"column":63}}},"9":{"name":"(anonymous_9)","line":116,"loc":{"start":{"line":116,"column":8},"end":{"line":116,"column":18}}},"10":{"name":"(anonymous_10)","line":125,"loc":{"start":{"line":125,"column":40},"end":{"line":125,"column":62}}},"11":{"name":"(anonymous_11)","line":130,"loc":{"start":{"line":130,"column":8},"end":{"line":130,"column":18}}},"12":{"name":"(anonymous_12)","line":139,"loc":{"start":{"line":139,"column":42},"end":{"line":139,"column":64}}},"13":{"name":"(anonymous_13)","line":150,"loc":{"start":{"line":150,"column":8},"end":{"line":150,"column":18}}},"14":{"name":"(anonymous_14)","line":158,"loc":{"start":{"line":158,"column":59},"end":{"line":158,"column":81}}},"15":{"name":"(anonymous_15)","line":163,"loc":{"start":{"line":163,"column":8},"end":{"line":163,"column":18}}},"16":{"name":"(anonymous_16)","line":172,"loc":{"start":{"line":172,"column":15},"end":{"line":172,"column":37}}},"17":{"name":"(anonymous_17)","line":176,"loc":{"start":{"line":176,"column":8},"end":{"line":176,"column":23}}}},"statementMap":{"1":{"start":{"line":1,"column":0},"end":{"line":1,"column":31}},"2":{"start":{"line":2,"column":0},"end":{"line":2,"column":28}},"3":{"start":{"line":3,"column":0},"end":{"line":3,"column":41}},"4":{"start":{"line":4,"column":0},"end":{"line":4,"column":47}},"5":{"start":{"line":6,"column":0},"end":{"line":6,"column":58}},"6":{"start":{"line":16,"column":0},"end":{"line":54,"column":3}},"7":{"start":{"line":17,"column":1},"end":{"line":17,"column":33}},"8":{"start":{"line":18,"column":1},"end":{"line":18,"column":28}},"9":{"start":{"line":19,"column":1},"end":{"line":19,"column":32}},"10":{"start":{"line":22,"column":1},"end":{"line":36,"column":2}},"11":{"start":{"line":24,"column":2},"end":{"line":27,"column":3}},"12":{"start":{"line":26,"column":3},"end":{"line":26,"column":29}},"13":{"start":{"line":28,"column":2},"end":{"line":31,"column":3}},"14":{"start":{"line":30,"column":3},"end":{"line":30,"column":28}},"15":{"start":{"line":34,"column":2},"end":{"line":34,"column":31}},"16":{"start":{"line":35,"column":2},"end":{"line":35,"column":30}},"17":{"start":{"line":38,"column":1},"end":{"line":43,"column":3}},"18":{"start":{"line":45,"column":1},"end":{"line":53,"column":16}},"19":{"start":{"line":48,"column":2},"end":{"line":48,"column":21}},"20":{"start":{"line":49,"column":2},"end":{"line":49,"column":30}},"21":{"start":{"line":52,"column":2},"end":{"line":52,"column":37}},"22":{"start":{"line":57,"column":0},"end":{"line":59,"column":3}},"23":{"start":{"line":58,"column":1},"end":{"line":58,"column":22}},"24":{"start":{"line":62,"column":0},"end":{"line":83,"column":3}},"25":{"start":{"line":63,"column":1},"end":{"line":63,"column":30}},"26":{"start":{"line":65,"column":1},"end":{"line":82,"column":15}},"27":{"start":{"line":70,"column":3},"end":{"line":70,"column":22}},"28":{"start":{"line":71,"column":3},"end":{"line":71,"column":26}},"29":{"start":{"line":72,"column":3},"end":{"line":75,"column":4}},"30":{"start":{"line":74,"column":4},"end":{"line":74,"column":30}},"31":{"start":{"line":77,"column":3},"end":{"line":80,"column":6}},"32":{"start":{"line":86,"column":0},"end":{"line":106,"column":3}},"33":{"start":{"line":87,"column":1},"end":{"line":87,"column":30}},"34":{"start":{"line":88,"column":1},"end":{"line":88,"column":33}},"35":{"start":{"line":90,"column":1},"end":{"line":105,"column":15}},"36":{"start":{"line":92,"column":3},"end":{"line":95,"column":4}},"37":{"start":{"line":94,"column":4},"end":{"line":94,"column":30}},"38":{"start":{"line":97,"column":3},"end":{"line":100,"column":4}},"39":{"start":{"line":99,"column":4},"end":{"line":99,"column":28}},"40":{"start":{"line":101,"column":3},"end":{"line":103,"column":6}},"41":{"start":{"line":109,"column":0},"end":{"line":122,"column":2}},"42":{"start":{"line":110,"column":1},"end":{"line":110,"column":30}},"43":{"start":{"line":111,"column":1},"end":{"line":111,"column":33}},"44":{"start":{"line":112,"column":1},"end":{"line":112,"column":28}},"45":{"start":{"line":113,"column":1},"end":{"line":113,"column":32}},"46":{"start":{"line":115,"column":1},"end":{"line":121,"column":15}},"47":{"start":{"line":117,"column":3},"end":{"line":117,"column":33}},"48":{"start":{"line":119,"column":3},"end":{"line":119,"column":36}},"49":{"start":{"line":125,"column":0},"end":{"line":136,"column":3}},"50":{"start":{"line":126,"column":1},"end":{"line":126,"column":30}},"51":{"start":{"line":127,"column":1},"end":{"line":127,"column":33}},"52":{"start":{"line":129,"column":1},"end":{"line":135,"column":14}},"53":{"start":{"line":131,"column":3},"end":{"line":131,"column":33}},"54":{"start":{"line":133,"column":3},"end":{"line":133,"column":26}},"55":{"start":{"line":139,"column":0},"end":{"line":155,"column":3}},"56":{"start":{"line":140,"column":1},"end":{"line":140,"column":33}},"57":{"start":{"line":141,"column":1},"end":{"line":141,"column":30}},"58":{"start":{"line":142,"column":1},"end":{"line":142,"column":32}},"59":{"start":{"line":143,"column":1},"end":{"line":147,"column":3}},"60":{"start":{"line":149,"column":1},"end":{"line":154,"column":17}},"61":{"start":{"line":151,"column":3},"end":{"line":151,"column":31}},"62":{"start":{"line":153,"column":3},"end":{"line":153,"column":24}},"63":{"start":{"line":158,"column":0},"end":{"line":168,"column":3}},"64":{"start":{"line":159,"column":1},"end":{"line":159,"column":36}},"65":{"start":{"line":160,"column":1},"end":{"line":160,"column":33}},"66":{"start":{"line":162,"column":1},"end":{"line":167,"column":17}},"67":{"start":{"line":164,"column":3},"end":{"line":164,"column":33}},"68":{"start":{"line":166,"column":3},"end":{"line":166,"column":24}},"69":{"start":{"line":172,"column":0},"end":{"line":182,"column":3}},"70":{"start":{"line":173,"column":1},"end":{"line":173,"column":29}},"71":{"start":{"line":175,"column":1},"end":{"line":181,"column":15}},"72":{"start":{"line":177,"column":3},"end":{"line":179,"column":6}},"73":{"start":{"line":183,"column":0},"end":{"line":183,"column":22}}},"branchMap":{"1":{"line":24,"type":"if","locations":[{"start":{"line":24,"column":2},"end":{"line":24,"column":2}},{"start":{"line":24,"column":2},"end":{"line":24,"column":2}}]},"2":{"line":28,"type":"if","locations":[{"start":{"line":28,"column":2},"end":{"line":28,"column":2}},{"start":{"line":28,"column":2},"end":{"line":28,"column":2}}]},"3":{"line":72,"type":"if","locations":[{"start":{"line":72,"column":3},"end":{"line":72,"column":3}},{"start":{"line":72,"column":3},"end":{"line":72,"column":3}}]},"4":{"line":92,"type":"if","locations":[{"start":{"line":92,"column":3},"end":{"line":92,"column":3}},{"start":{"line":92,"column":3},"end":{"line":92,"column":3}}]},"5":{"line":97,"type":"if","locations":[{"start":{"line":97,"column":3},"end":{"line":97,"column":3}},{"start":{"line":97,"column":3},"end":{"line":97,"column":3}}]}}},"D:\\workspace\\node\\myblog\\models\\posts.js":{"path":"D:\\workspace\\node\\myblog\\models\\posts.js","s":{"1":1,"2":1,"3":1,"4":1,"5":0,"6":0,"7":0,"8":0,"9":0,"10":0,"11":0,"12":0,"13":0,"14":1,"15":0,"16":0,"17":0,"18":0,"19":0,"20":0,"21":1,"22":0,"23":0,"24":0,"25":0,"26":0,"27":0,"28":0,"29":0,"30":0,"31":0,"32":0,"33":0},"b":{"1":[0,0],"2":[0,0],"3":[0,0],"4":[0,0],"5":[0,0]},"f":{"1":0,"2":0,"3":0,"4":0,"5":0,"6":0,"7":0,"8":0,"9":0,"10":0,"11":0,"12":0,"13":0,"14":0,"15":0,"16":0},"fnMap":{"1":{"name":"(anonymous_1)","line":8,"loc":{"start":{"line":8,"column":11},"end":{"line":8,"column":26}}},"2":{"name":"(anonymous_2)","line":9,"loc":{"start":{"line":9,"column":31},"end":{"line":9,"column":45}}},"3":{"name":"(anonymous_3)","line":10,"loc":{"start":{"line":10,"column":55},"end":{"line":10,"column":78}}},"4":{"name":"(anonymous_4)","line":16,"loc":{"start":{"line":16,"column":14},"end":{"line":16,"column":28}}},"5":{"name":"(anonymous_5)","line":19,"loc":{"start":{"line":19,"column":55},"end":{"line":19,"column":70}}},"6":{"name":"(anonymous_6)","line":31,"loc":{"start":{"line":31,"column":11},"end":{"line":31,"column":26}}},"7":{"name":"(anonymous_7)","line":32,"loc":{"start":{"line":32,"column":19},"end":{"line":32,"column":33}}},"8":{"name":"(anonymous_8)","line":37,"loc":{"start":{"line":37,"column":14},"end":{"line":37,"column":28}}},"9":{"name":"(anonymous_9)","line":48,"loc":{"start":{"line":48,"column":8},"end":{"line":49,"column":1}}},"10":{"name":"(anonymous_10)","line":53,"loc":{"start":{"line":53,"column":13},"end":{"line":53,"column":29}}},"11":{"name":"(anonymous_11)","line":64,"loc":{"start":{"line":64,"column":10},"end":{"line":64,"column":26}}},"12":{"name":"(anonymous_12)","line":81,"loc":{"start":{"line":81,"column":7},"end":{"line":81,"column":23}}},"13":{"name":"(anonymous_13)","line":88,"loc":{"start":{"line":88,"column":17},"end":{"line":89,"column":2}}},"14":{"name":"(anonymous_14)","line":98,"loc":{"start":{"line":98,"column":17},"end":{"line":98,"column":45}}},"15":{"name":"(anonymous_15)","line":103,"loc":{"start":{"line":103,"column":14},"end":{"line":104,"column":2}}},"16":{"name":"(anonymous_16)","line":107,"loc":{"start":{"line":107,"column":9},"end":{"line":107,"column":22}}}},"statementMap":{"1":{"start":{"line":1,"column":0},"end":{"line":1,"column":29}},"2":{"start":{"line":2,"column":0},"end":{"line":2,"column":38}},"3":{"start":{"line":3,"column":0},"end":{"line":3,"column":39}},"4":{"start":{"line":7,"column":0},"end":{"line":26,"column":3}},"5":{"start":{"line":9,"column":2},"end":{"line":14,"column":6}},"6":{"start":{"line":10,"column":3},"end":{"line":13,"column":6}},"7":{"start":{"line":11,"column":4},"end":{"line":11,"column":37}},"8":{"start":{"line":12,"column":4},"end":{"line":12,"column":16}},"9":{"start":{"line":17,"column":2},"end":{"line":23,"column":3}},"10":{"start":{"line":19,"column":3},"end":{"line":22,"column":6}},"11":{"start":{"line":20,"column":4},"end":{"line":20,"column":29}},"12":{"start":{"line":21,"column":4},"end":{"line":21,"column":16}},"13":{"start":{"line":24,"column":2},"end":{"line":24,"column":14}},"14":{"start":{"line":30,"column":0},"end":{"line":44,"column":3}},"15":{"start":{"line":32,"column":2},"end":{"line":35,"column":5}},"16":{"start":{"line":33,"column":3},"end":{"line":33,"column":37}},"17":{"start":{"line":34,"column":3},"end":{"line":34,"column":15}},"18":{"start":{"line":38,"column":2},"end":{"line":41,"column":3}},"19":{"start":{"line":40,"column":3},"end":{"line":40,"column":37}},"20":{"start":{"line":42,"column":2},"end":{"line":42,"column":14}},"21":{"start":{"line":46,"column":0},"end":{"line":114,"column":2}},"22":{"start":{"line":50,"column":2},"end":{"line":50,"column":34}},"23":{"start":{"line":54,"column":2},"end":{"line":60,"column":10}},"24":{"start":{"line":65,"column":2},"end":{"line":65,"column":15}},"25":{"start":{"line":66,"column":2},"end":{"line":69,"column":3}},"26":{"start":{"line":68,"column":3},"end":{"line":68,"column":23}},"27":{"start":{"line":70,"column":2},"end":{"line":77,"column":11}},"28":{"start":{"line":82,"column":2},"end":{"line":84,"column":11}},"29":{"start":{"line":90,"column":3},"end":{"line":93,"column":13}},"30":{"start":{"line":99,"column":3},"end":{"line":99,"column":69}},"31":{"start":{"line":105,"column":3},"end":{"line":112,"column":4}},"32":{"start":{"line":109,"column":4},"end":{"line":110,"column":53}},"33":{"start":{"line":110,"column":5},"end":{"line":110,"column":53}}},"branchMap":{"1":{"line":17,"type":"if","locations":[{"start":{"line":17,"column":2},"end":{"line":17,"column":2}},{"start":{"line":17,"column":2},"end":{"line":17,"column":2}}]},"2":{"line":38,"type":"if","locations":[{"start":{"line":38,"column":2},"end":{"line":38,"column":2}},{"start":{"line":38,"column":2},"end":{"line":38,"column":2}}]},"3":{"line":66,"type":"if","locations":[{"start":{"line":66,"column":2},"end":{"line":66,"column":2}},{"start":{"line":66,"column":2},"end":{"line":66,"column":2}}]},"4":{"line":109,"type":"if","locations":[{"start":{"line":109,"column":4},"end":{"line":109,"column":4}},{"start":{"line":109,"column":4},"end":{"line":109,"column":4}}]},"5":{"line":109,"type":"binary-expr","locations":[{"start":{"line":109,"column":7},"end":{"line":109,"column":20}},{"start":{"line":109,"column":22},"end":{"line":109,"column":36}}]}}},"D:\\workspace\\node\\myblog\\models\\comments.js":{"path":"D:\\workspace\\node\\myblog\\models\\comments.js","s":{"1":1,"2":1,"3":1,"4":0,"5":0,"6":0,"7":1,"8":0,"9":0,"10":0,"11":0,"12":0},"b":{},"f":{"1":0,"2":0,"3":0,"4":0,"5":0,"6":0,"7":0},"fnMap":{"1":{"name":"(anonymous_1)","line":7,"loc":{"start":{"line":7,"column":11},"end":{"line":7,"column":29}}},"2":{"name":"(anonymous_2)","line":8,"loc":{"start":{"line":8,"column":22},"end":{"line":8,"column":39}}},"3":{"name":"(anonymous_3)","line":18,"loc":{"start":{"line":18,"column":8},"end":{"line":19,"column":1}}},"4":{"name":"(anonymous_4)","line":24,"loc":{"start":{"line":24,"column":16},"end":{"line":24,"column":42}}},"5":{"name":"(anonymous_5)","line":29,"loc":{"start":{"line":29,"column":21},"end":{"line":30,"column":1}}},"6":{"name":"(anonymous_6)","line":34,"loc":{"start":{"line":34,"column":12},"end":{"line":35,"column":1}}},"7":{"name":"(anonymous_7)","line":46,"loc":{"start":{"line":46,"column":18},"end":{"line":47,"column":1}}}},"statementMap":{"1":{"start":{"line":1,"column":0},"end":{"line":1,"column":29}},"2":{"start":{"line":2,"column":0},"end":{"line":2,"column":44}},"3":{"start":{"line":6,"column":0},"end":{"line":13,"column":3}},"4":{"start":{"line":8,"column":2},"end":{"line":11,"column":5}},"5":{"start":{"line":9,"column":3},"end":{"line":9,"column":43}},"6":{"start":{"line":10,"column":3},"end":{"line":10,"column":18}},"7":{"start":{"line":16,"column":0},"end":{"line":50,"column":2}},"8":{"start":{"line":20,"column":2},"end":{"line":20,"column":40}},"9":{"start":{"line":25,"column":2},"end":{"line":25,"column":62}},"10":{"start":{"line":31,"column":2},"end":{"line":31,"column":48}},"11":{"start":{"line":36,"column":2},"end":{"line":42,"column":11}},"12":{"start":{"line":48,"column":2},"end":{"line":48,"column":47}}},"branchMap":{}}}