TN:
SF:D:\workspace\node\myblog\index.js
FN:51,(anonymous_1)
FN:88,(anonymous_2)
FN:104,(anonymous_3)
FNF:3
FNH:1
FNDA:3,(anonymous_1)
FNDA:0,(anonymous_2)
FNDA:0,(anonymous_3)
DA:1,1
DA:2,1
DA:3,1
DA:4,1
DA:5,1
DA:6,1
DA:7,1
DA:8,1
DA:9,1
DA:10,1
DA:12,1
DA:15,1
DA:17,1
DA:20,1
DA:22,1
DA:36,1
DA:39,1
DA:45,1
DA:51,1
DA:52,3
DA:53,3
DA:54,3
DA:56,3
DA:62,1
DA:74,1
DA:76,1
DA:88,1
DA:89,0
DA:99,1
DA:100,1
DA:104,0
DA:105,0
LF:32
LH:29
BRDA:99,1,0,1
BRDA:99,1,1,0
BRF:2
BRH:1
end_of_record
TN:
SF:D:\workspace\node\myblog\config\default.js
FNF:0
FNH:0
DA:1,1
LF:1
LH:1
BRF:0
BRH:0
end_of_record
TN:
SF:D:\workspace\node\myblog\routers\index.js
FN:1,(anonymous_1)
FN:3,(anonymous_2)
FN:13,(anonymous_3)
FNF:3
FNH:2
FNDA:1,(anonymous_1)
FNDA:0,(anonymous_2)
FNDA:2,(anonymous_3)
DA:1,1
DA:3,1
DA:4,0
DA:7,1
DA:8,1
DA:9,1
DA:10,1
DA:13,1
DA:14,2
DA:15,0
LF:10
LH:8
BRDA:14,1,0,0
BRDA:14,1,1,2
BRF:2
BRH:1
end_of_record
TN:
SF:D:\workspace\node\myblog\routers\signup.js
FN:11,(anonymous_1)
FN:16,(anonymous_2)
FN:72,(anonymous_3)
FN:82,(anonymous_4)
FNF:4
FNH:2
FNDA:1,(anonymous_1)
FNDA:2,(anonymous_2)
FNDA:0,(anonymous_3)
FNDA:0,(anonymous_4)
DA:1,1
DA:2,1
DA:3,1
DA:4,1
DA:5,1
DA:7,1
DA:8,1
DA:11,1
DA:12,1
DA:16,1
DA:17,2
DA:18,2
DA:19,2
DA:20,2
DA:21,2
DA:22,2
DA:25,2
DA:27,2
DA:29,1
DA:31,1
DA:33,1
DA:35,0
DA:37,0
DA:39,0
DA:41,0
DA:43,0
DA:45,0
DA:47,0
DA:49,0
DA:54,2
DA:55,2
DA:56,2
DA:60,0
DA:63,0
DA:72,0
DA:74,0
DA:76,0
DA:77,0
DA:79,0
DA:81,0
DA:84,0
DA:86,0
DA:88,0
DA:89,0
DA:91,0
DA:95,1
LF:46
LH:25
BRDA:27,1,0,1
BRDA:27,1,1,1
BRDA:27,2,0,2
BRDA:27,2,1,1
BRDA:31,3,0,1
BRDA:31,3,1,0
BRDA:35,4,0,0
BRDA:35,4,1,0
BRDA:35,5,0,0
BRDA:35,5,1,0
BRDA:39,6,0,0
BRDA:39,6,1,0
BRDA:43,7,0,0
BRDA:43,7,1,0
BRDA:47,8,0,0
BRDA:47,8,1,0
BRDA:86,9,0,0
BRDA:86,9,1,0
BRF:18
BRH:5
end_of_record
TN:
SF:D:\workspace\node\myblog\models\users.js
FN:5,create
FN:10,getUserByName
FNF:2
FNH:0
FNDA:0,create
FNDA:0,getUserByName
DA:1,1
DA:3,1
DA:6,0
DA:11,0
LF:4
LH:2
BRF:0
BRH:0
end_of_record
TN:
SF:D:\workspace\node\myblog\lib\mongo.js
FN:11,(anonymous_1)
FN:12,(anonymous_2)
FN:17,(anonymous_3)
FNF:3
FNH:0
FNDA:0,(anonymous_1)
FNDA:0,(anonymous_2)
FNDA:0,(anonymous_3)
DA:1,1
DA:2,1
DA:3,1
DA:4,1
DA:6,1
DA:7,1
DA:10,1
DA:12,0
DA:13,0
DA:15,0
DA:18,0
DA:20,0
DA:22,0
DA:27,1
DA:35,1
DA:37,1
DA:43,1
DA:46,1
DA:51,1
DA:52,1
LF:20
LH:14
BRDA:18,1,0,0
BRDA:18,1,1,0
BRF:2
BRH:0
end_of_record
TN:
SF:D:\workspace\node\myblog\middlewares\check.js
FN:2,checkLogin
FN:11,checkNotLogin
FNF:2
FNH:1
FNDA:0,checkLogin
FNDA:3,checkNotLogin
DA:1,1
DA:4,0
DA:6,0
DA:7,0
DA:9,0
DA:13,3
DA:15,0
DA:16,0
DA:18,3
LF:9
LH:3
BRDA:4,1,0,0
BRDA:4,1,1,0
BRDA:13,2,0,0
BRDA:13,2,1,3
BRF:4
BRH:1
end_of_record
TN:
SF:D:\workspace\node\myblog\routers\signin.js
FN:10,(anonymous_1)
FN:15,(anonymous_2)
FN:20,(anonymous_3)
FNF:3
FNH:0
FNDA:0,(anonymous_1)
FNDA:0,(anonymous_2)
FNDA:0,(anonymous_3)
DA:1,1
DA:2,1
DA:4,1
DA:6,1
DA:7,1
DA:10,1
DA:11,0
DA:15,1
DA:16,0
DA:17,0
DA:19,0
DA:21,0
DA:23,0
DA:24,0
DA:28,0
DA:30,0
DA:31,0
DA:34,0
DA:37,0
DA:38,0
DA:41,0
DA:45,1
LF:22
LH:8
BRDA:21,1,0,0
BRDA:21,1,1,0
BRDA:28,2,0,0
BRDA:28,2,1,0
BRF:4
BRH:0
end_of_record
TN:
SF:D:\workspace\node\myblog\routers\signout.js
FN:7,(anonymous_1)
FNF:1
FNH:0
FNDA:0,(anonymous_1)
DA:1,1
DA:2,1
DA:4,1
DA:7,1
DA:9,0
DA:10,0
DA:12,0
DA:15,1
LF:8
LH:5
BRF:0
BRH:0
end_of_record
TN:
SF:D:\workspace\node\myblog\routers\posts.js
FN:16,(anonymous_1)
FN:46,(anonymous_2)
FN:57,(anonymous_3)
FN:62,(anonymous_4)
FN:69,(anonymous_5)
FN:86,(anonymous_6)
FN:91,(anonymous_7)
FN:109,(anonymous_8)
FN:116,(anonymous_9)
FN:125,(anonymous_10)
FN:130,(anonymous_11)
FN:139,(anonymous_12)
FN:150,(anonymous_13)
FN:158,(anonymous_14)
FN:163,(anonymous_15)
FN:172,(anonymous_16)
FN:176,(anonymous_17)
FNF:17
FNH:0
FNDA:0,(anonymous_1)
FNDA:0,(anonymous_2)
FNDA:0,(anonymous_3)
FNDA:0,(anonymous_4)
FNDA:0,(anonymous_5)
FNDA:0,(anonymous_6)
FNDA:0,(anonymous_7)
FNDA:0,(anonymous_8)
FNDA:0,(anonymous_9)
FNDA:0,(anonymous_10)
FNDA:0,(anonymous_11)
FNDA:0,(anonymous_12)
FNDA:0,(anonymous_13)
FNDA:0,(anonymous_14)
FNDA:0,(anonymous_15)
FNDA:0,(anonymous_16)
FNDA:0,(anonymous_17)
DA:1,1
DA:2,1
DA:3,1
DA:4,1
DA:6,1
DA:16,1
DA:17,0
DA:18,0
DA:19,0
DA:22,0
DA:24,0
DA:26,0
DA:28,0
DA:30,0
DA:34,0
DA:35,0
DA:38,0
DA:45,0
DA:48,0
DA:49,0
DA:52,0
DA:57,1
DA:58,0
DA:62,1
DA:63,0
DA:65,0
DA:70,0
DA:71,0
DA:72,0
DA:74,0
DA:77,0
DA:86,1
DA:87,0
DA:88,0
DA:90,0
DA:92,0
DA:94,0
DA:97,0
DA:99,0
DA:101,0
DA:109,1
DA:110,0
DA:111,0
DA:112,0
DA:113,0
DA:115,0
DA:117,0
DA:119,0
DA:125,1
DA:126,0
DA:127,0
DA:129,0
DA:131,0
DA:133,0
DA:139,1
DA:140,0
DA:141,0
DA:142,0
DA:143,0
DA:149,0
DA:151,0
DA:153,0
DA:158,1
DA:159,0
DA:160,0
DA:162,0
DA:164,0
DA:166,0
DA:172,1
DA:173,0
DA:175,0
DA:177,0
DA:183,1
LF:73
LH:15
BRDA:24,1,0,0
BRDA:24,1,1,0
BRDA:28,2,0,0
BRDA:28,2,1,0
BRDA:72,3,0,0
BRDA:72,3,1,0
BRDA:92,4,0,0
BRDA:92,4,1,0
BRDA:97,5,0,0
BRDA:97,5,1,0
BRF:10
BRH:0
end_of_record
TN:
SF:D:\workspace\node\myblog\models\posts.js
FN:8,(anonymous_1)
FN:9,(anonymous_2)
FN:10,(anonymous_3)
FN:16,(anonymous_4)
FN:19,(anonymous_5)
FN:31,(anonymous_6)
FN:32,(anonymous_7)
FN:37,(anonymous_8)
FN:48,(anonymous_9)
FN:53,(anonymous_10)
FN:64,(anonymous_11)
FN:81,(anonymous_12)
FN:88,(anonymous_13)
FN:98,(anonymous_14)
FN:103,(anonymous_15)
FN:107,(anonymous_16)
FNF:16
FNH:0
FNDA:0,(anonymous_1)
FNDA:0,(anonymous_2)
FNDA:0,(anonymous_3)
FNDA:0,(anonymous_4)
FNDA:0,(anonymous_5)
FNDA:0,(anonymous_6)
FNDA:0,(anonymous_7)
FNDA:0,(anonymous_8)
FNDA:0,(anonymous_9)
FNDA:0,(anonymous_10)
FNDA:0,(anonymous_11)
FNDA:0,(anonymous_12)
FNDA:0,(anonymous_13)
FNDA:0,(anonymous_14)
FNDA:0,(anonymous_15)
FNDA:0,(anonymous_16)
DA:1,1
DA:2,1
DA:3,1
DA:7,1
DA:9,0
DA:10,0
DA:11,0
DA:12,0
DA:17,0
DA:19,0
DA:20,0
DA:21,0
DA:24,0
DA:30,1
DA:32,0
DA:33,0
DA:34,0
DA:38,0
DA:40,0
DA:42,0
DA:46,1
DA:50,0
DA:54,0
DA:65,0
DA:66,0
DA:68,0
DA:70,0
DA:82,0
DA:90,0
DA:99,0
DA:105,0
DA:109,0
DA:110,0
LF:33
LH:6
BRDA:17,1,0,0
BRDA:17,1,1,0
BRDA:38,2,0,0
BRDA:38,2,1,0
BRDA:66,3,0,0
BRDA:66,3,1,0
BRDA:109,4,0,0
BRDA:109,4,1,0
BRDA:109,5,0,0
BRDA:109,5,1,0
BRF:10
BRH:0
end_of_record
TN:
SF:D:\workspace\node\myblog\models\comments.js
FN:7,(anonymous_1)
FN:8,(anonymous_2)
FN:18,(anonymous_3)
FN:24,(anonymous_4)
FN:29,(anonymous_5)
FN:34,(anonymous_6)
FN:46,(anonymous_7)
FNF:7
FNH:0
FNDA:0,(anonymous_1)
FNDA:0,(anonymous_2)
FNDA:0,(anonymous_3)
FNDA:0,(anonymous_4)
FNDA:0,(anonymous_5)
FNDA:0,(anonymous_6)
FNDA:0,(anonymous_7)
DA:1,1
DA:2,1
DA:6,1
DA:8,0
DA:9,0
DA:10,0
DA:16,1
DA:20,0
DA:25,0
DA:31,0
DA:36,0
DA:48,0
LF:12
LH:4
BRF:0
BRH:0
end_of_record
